<?xml version="1.0" encoding="UTF-8"?>
<!-- Generated by org.testng.reporters.JUnitXMLReporter -->
<testsuite ignored="0" hostname="SuRaj" failures="0" tests="2" name="High" time="10.008" errors="0" timestamp="2022-10-10T06:26:39 IST">
  <testcase classname="com.SauceDemo.TestClass.TestCase__LogoutFunction" name="LogoutFunctionality" time="0.025"/>
  <testcase classname="com.SauceDemo.TestClass.TestCase_LoginFunctionality" name="loginFuncationality" time="0.048"/>
</testsuite> <!-- High -->
