<?xml version="1.0" encoding="UTF-8"?>
<!-- Generated by org.testng.reporters.JUnitXMLReporter -->
<testsuite ignored="0" hostname="SuRaj" failures="0" tests="2" name="low priority" time="22.187" errors="0" timestamp="2022-10-08T16:26:40 IST">
  <testcase classname="com.SauceDemo.TestClass.TestCase__LogoutFunction" name="LogoutFunctionality" time="0.005"/>
  <testcase classname="com.SauceDemo.TestClass.TestCase_LoginFunctionality" name="loginFuncationality" time="0.009"/>
</testsuite> <!-- low priority -->
