<?xml version="1.0" encoding="UTF-8"?>
<!-- Generated by org.testng.reporters.JUnitXMLReporter -->
<testsuite ignored="0" hostname="SuRaj" failures="0" tests="5" name="Test" time="50.248" errors="0" timestamp="2022-10-12T12:40:03 IST">
  <testcase classname="com.SauceDemo.TestClass.TestCase__LogoutFunction" name="LogoutFunctionality" time="0.04"/>
  <testcase classname="com.SauceDemo.TestClass.TestCase_LoginFunctionality" name="loginFuncationality" time="0.012"/>
  <testcase classname="com.SauceDemo.TestClass.TestCase__ToValidateADDtoCart" name="SelectAllProduct" time="0.316"/>
  <testcase classname="com.SauceDemo.TestClass.TestCase_FilterTab" name="CheckFilter" time="0.303"/>
  <testcase classname="com.SauceDemo.TestClass.TestCaseCheckout" name="CheckOutPage" time="0.44"/>
</testsuite> <!-- Test -->
