<?xml version="1.0" encoding="UTF-8"?>
<testng-results ignored="0" total="4" passed="4" failed="0" skipped="0">
  <reporter-output>
  </reporter-output>
  <suite started-at="2022-10-10T06:26:29 IST" name="Suite" finished-at="2022-10-10T06:26:50 IST" duration-ms="21025">
    <groups>
    </groups>
    <test started-at="2022-10-10T06:26:29 IST" name="High" finished-at="2022-10-10T06:26:39 IST" duration-ms="10008">
      <class name="com.SauceDemo.TestClass.TestCase_LoginFunctionality">
        <test-method is-config="true" signature="BeforeClassMethod(java.lang.String)[pri:0, instance:com.SauceDemo.TestClass.TestCase_LoginFunctionality@7d4f9aae]" started-at="2022-10-10T06:26:29 IST" name="BeforeClassMethod" finished-at="2022-10-10T06:26:33 IST" duration-ms="4135" status="PASS">
          <params>
            <param index="0">
              <value>
                <![CDATA[chrome]]>
              </value>
            </param>
          </params>
          <reporter-output>
          </reporter-output>
        </test-method> <!-- BeforeClassMethod -->
        <test-method is-config="true" signature="setUp()[pri:0, instance:com.SauceDemo.TestClass.TestCase_LoginFunctionality@7d4f9aae]" started-at="2022-10-10T06:26:33 IST" name="setUp" finished-at="2022-10-10T06:26:34 IST" duration-ms="352" status="PASS">
          <reporter-output>
          </reporter-output>
        </test-method> <!-- setUp -->
        <test-method signature="loginFuncationality()[pri:0, instance:com.SauceDemo.TestClass.TestCase_LoginFunctionality@7d4f9aae]" started-at="2022-10-10T06:26:34 IST" name="loginFuncationality" finished-at="2022-10-10T06:26:34 IST" duration-ms="48" status="PASS">
          <reporter-output>
          </reporter-output>
        </test-method> <!-- loginFuncationality -->
        <test-method is-config="true" signature="tearDown()[pri:0, instance:com.SauceDemo.TestClass.TestCase_LoginFunctionality@7d4f9aae]" started-at="2022-10-10T06:26:34 IST" name="tearDown" finished-at="2022-10-10T06:26:34 IST" duration-ms="176" status="PASS">
          <reporter-output>
          </reporter-output>
        </test-method> <!-- tearDown -->
        <test-method is-config="true" signature="AfterClassMethod()[pri:0, instance:com.SauceDemo.TestClass.TestCase_LoginFunctionality@7d4f9aae]" started-at="2022-10-10T06:26:34 IST" name="AfterClassMethod" finished-at="2022-10-10T06:26:39 IST" duration-ms="5255" status="PASS">
          <reporter-output>
          </reporter-output>
        </test-method> <!-- AfterClassMethod -->
      </class> <!-- com.SauceDemo.TestClass.TestCase_LoginFunctionality -->
      <class name="com.SauceDemo.TestClass.TestCase__LogoutFunction">
        <test-method is-config="true" signature="BeforeClassMethod(java.lang.String)[pri:0, instance:com.SauceDemo.TestClass.TestCase__LogoutFunction@2d710f1a]" started-at="2022-10-10T06:26:29 IST" name="BeforeClassMethod" finished-at="2022-10-10T06:26:33 IST" duration-ms="4135" status="PASS">
          <params>
            <param index="0">
              <value>
                <![CDATA[chrome]]>
              </value>
            </param>
          </params>
          <reporter-output>
          </reporter-output>
        </test-method> <!-- BeforeClassMethod -->
        <test-method is-config="true" signature="setUp()[pri:0, instance:com.SauceDemo.TestClass.TestCase__LogoutFunction@2d710f1a]" started-at="2022-10-10T06:26:33 IST" name="setUp" finished-at="2022-10-10T06:26:34 IST" duration-ms="351" status="PASS">
          <reporter-output>
          </reporter-output>
        </test-method> <!-- setUp -->
        <test-method signature="LogoutFunctionality()[pri:0, instance:com.SauceDemo.TestClass.TestCase__LogoutFunction@2d710f1a]" started-at="2022-10-10T06:26:34 IST" name="LogoutFunctionality" finished-at="2022-10-10T06:26:34 IST" duration-ms="25" status="PASS">
          <reporter-output>
          </reporter-output>
        </test-method> <!-- LogoutFunctionality -->
        <test-method is-config="true" signature="tearDown()[pri:0, instance:com.SauceDemo.TestClass.TestCase__LogoutFunction@2d710f1a]" started-at="2022-10-10T06:26:34 IST" name="tearDown" finished-at="2022-10-10T06:26:34 IST" duration-ms="189" status="PASS">
          <reporter-output>
          </reporter-output>
        </test-method> <!-- tearDown -->
        <test-method is-config="true" signature="AfterClassMethod()[pri:0, instance:com.SauceDemo.TestClass.TestCase__LogoutFunction@2d710f1a]" started-at="2022-10-10T06:26:34 IST" name="AfterClassMethod" finished-at="2022-10-10T06:26:39 IST" duration-ms="5261" status="PASS">
          <reporter-output>
          </reporter-output>
        </test-method> <!-- AfterClassMethod -->
      </class> <!-- com.SauceDemo.TestClass.TestCase__LogoutFunction -->
    </test> <!-- High -->
    <test started-at="2022-10-10T06:26:39 IST" name="lowpriority" finished-at="2022-10-10T06:26:50 IST" duration-ms="10986">
      <class name="com.SauceDemo.TestClass.TestCase_LoginFunctionality">
        <test-method is-config="true" signature="BeforeClassMethod(java.lang.String)[pri:0, instance:com.SauceDemo.TestClass.TestCase_LoginFunctionality@71ba6d4e]" started-at="2022-10-10T06:26:39 IST" name="BeforeClassMethod" finished-at="2022-10-10T06:26:43 IST" duration-ms="4221" status="PASS">
          <params>
            <param index="0">
              <value>
                <![CDATA[firefox]]>
              </value>
            </param>
          </params>
          <reporter-output>
          </reporter-output>
        </test-method> <!-- BeforeClassMethod -->
        <test-method is-config="true" signature="setUp()[pri:0, instance:com.SauceDemo.TestClass.TestCase_LoginFunctionality@71ba6d4e]" started-at="2022-10-10T06:26:43 IST" name="setUp" finished-at="2022-10-10T06:26:44 IST" duration-ms="398" status="PASS">
          <reporter-output>
          </reporter-output>
        </test-method> <!-- setUp -->
        <test-method signature="loginFuncationality()[pri:0, instance:com.SauceDemo.TestClass.TestCase_LoginFunctionality@71ba6d4e]" started-at="2022-10-10T06:26:44 IST" name="loginFuncationality" finished-at="2022-10-10T06:26:44 IST" duration-ms="12" status="PASS">
          <reporter-output>
          </reporter-output>
        </test-method> <!-- loginFuncationality -->
        <test-method is-config="true" signature="tearDown()[pri:0, instance:com.SauceDemo.TestClass.TestCase_LoginFunctionality@71ba6d4e]" started-at="2022-10-10T06:26:44 IST" name="tearDown" finished-at="2022-10-10T06:26:44 IST" duration-ms="467" status="PASS">
          <reporter-output>
          </reporter-output>
        </test-method> <!-- tearDown -->
        <test-method is-config="true" signature="AfterClassMethod()[pri:0, instance:com.SauceDemo.TestClass.TestCase_LoginFunctionality@71ba6d4e]" started-at="2022-10-10T06:26:44 IST" name="AfterClassMethod" finished-at="2022-10-10T06:26:50 IST" duration-ms="5887" status="PASS">
          <reporter-output>
          </reporter-output>
        </test-method> <!-- AfterClassMethod -->
      </class> <!-- com.SauceDemo.TestClass.TestCase_LoginFunctionality -->
      <class name="com.SauceDemo.TestClass.TestCase__LogoutFunction">
        <test-method is-config="true" signature="BeforeClassMethod(java.lang.String)[pri:0, instance:com.SauceDemo.TestClass.TestCase__LogoutFunction@55a147cc]" started-at="2022-10-10T06:26:39 IST" name="BeforeClassMethod" finished-at="2022-10-10T06:26:44 IST" duration-ms="4723" status="PASS">
          <params>
            <param index="0">
              <value>
                <![CDATA[firefox]]>
              </value>
            </param>
          </params>
          <reporter-output>
          </reporter-output>
        </test-method> <!-- BeforeClassMethod -->
        <test-method is-config="true" signature="setUp()[pri:0, instance:com.SauceDemo.TestClass.TestCase__LogoutFunction@55a147cc]" started-at="2022-10-10T06:26:44 IST" name="setUp" finished-at="2022-10-10T06:26:45 IST" duration-ms="844" status="PASS">
          <reporter-output>
          </reporter-output>
        </test-method> <!-- setUp -->
        <test-method is-config="true" signature="tearDown()[pri:0, instance:com.SauceDemo.TestClass.TestCase__LogoutFunction@55a147cc]" started-at="2022-10-10T06:26:45 IST" name="tearDown" finished-at="2022-10-10T06:26:45 IST" duration-ms="291" status="FAIL">
          <exception class="org.openqa.selenium.ElementNotInteractableException">
            <message>
              <![CDATA[Element <a id="logout_sidebar_link" class="bm-item menu-item" href="#"> could not be scrolled into view
Build info: version: '4.1.2', revision: '9a5a329c5a'
System info: host: 'SURAJ', ip: '192.168.1.2', os.name: 'Windows 11', os.arch: 'amd64', os.version: '10.0', java.version: '18.0.1'
Driver info: org.openqa.selenium.firefox.FirefoxDriver
Command: [b51ea4df-3cd5-4a75-aeb3-2174e2a063db, clickElement {id=72cd0592-f3a1-4d51-b562-45986c153616}]
Capabilities {acceptInsecureCerts: true, browserName: firefox, browserVersion: 105.0.3, javascriptEnabled: true, moz:accessibilityChecks: false, moz:buildID: 20221007134813, moz:debuggerAddress: 127.0.0.1:50858, moz:geckodriverVersion: 0.31.0, moz:headless: false, moz:platformVersion: 10.0, moz:processID: 2708, moz:profile: C:\Users\SURAJR~1\AppData\L..., moz:shutdownTimeout: 60000, moz:useNonSpecCompliantPointerOrigin: false, moz:webdriverClick: true, moz:windowless: false, pageLoadStrategy: normal, platform: WINDOWS, platformName: WINDOWS, proxy: Proxy(), se:cdp: ws://127.0.0.1:50858/devtoo..., se:cdpVersion: 85.0, setWindowRect: true, strictFileInteractability: false, timeouts: {implicit: 0, pageLoad: 300000, script: 30000}, unhandledPromptBehavior: dismiss and notify}
Element: [[FirefoxDriver: firefox on WINDOWS (b51ea4df-3cd5-4a75-aeb3-2174e2a063db)] -> xpath: //a[@id='logout_sidebar_link']]
Session ID: b51ea4df-3cd5-4a75-aeb3-2174e2a063db]]>
            </message>
            <full-stacktrace>
              <![CDATA[org.openqa.selenium.ElementNotInteractableException: Element <a id="logout_sidebar_link" class="bm-item menu-item" href="#"> could not be scrolled into view
Build info: version: '4.1.2', revision: '9a5a329c5a'
System info: host: 'SURAJ', ip: '192.168.1.2', os.name: 'Windows 11', os.arch: 'amd64', os.version: '10.0', java.version: '18.0.1'
Driver info: org.openqa.selenium.firefox.FirefoxDriver
Command: [b51ea4df-3cd5-4a75-aeb3-2174e2a063db, clickElement {id=72cd0592-f3a1-4d51-b562-45986c153616}]
Capabilities {acceptInsecureCerts: true, browserName: firefox, browserVersion: 105.0.3, javascriptEnabled: true, moz:accessibilityChecks: false, moz:buildID: 20221007134813, moz:debuggerAddress: 127.0.0.1:50858, moz:geckodriverVersion: 0.31.0, moz:headless: false, moz:platformVersion: 10.0, moz:processID: 2708, moz:profile: C:\Users\SURAJR~1\AppData\L..., moz:shutdownTimeout: 60000, moz:useNonSpecCompliantPointerOrigin: false, moz:webdriverClick: true, moz:windowless: false, pageLoadStrategy: normal, platform: WINDOWS, platformName: WINDOWS, proxy: Proxy(), se:cdp: ws://127.0.0.1:50858/devtoo..., se:cdpVersion: 85.0, setWindowRect: true, strictFileInteractability: false, timeouts: {implicit: 0, pageLoad: 300000, script: 30000}, unhandledPromptBehavior: dismiss and notify}
Element: [[FirefoxDriver: firefox on WINDOWS (b51ea4df-3cd5-4a75-aeb3-2174e2a063db)] -> xpath: //a[@id='logout_sidebar_link']]
Session ID: b51ea4df-3cd5-4a75-aeb3-2174e2a063db
at java.base/jdk.internal.reflect.DirectConstructorHandleAccessor.newInstance(DirectConstructorHandleAccessor.java:67)
at java.base/java.lang.reflect.Constructor.newInstanceWithCaller(Constructor.java:499)
at java.base/java.lang.reflect.Constructor.newInstance(Constructor.java:483)
at org.openqa.selenium.remote.codec.w3c.W3CHttpResponseCodec.createException(W3CHttpResponseCodec.java:200)
at org.openqa.selenium.remote.codec.w3c.W3CHttpResponseCodec.decode(W3CHttpResponseCodec.java:133)
at org.openqa.selenium.remote.codec.w3c.W3CHttpResponseCodec.decode(W3CHttpResponseCodec.java:53)
at org.openqa.selenium.remote.HttpCommandExecutor.execute(HttpCommandExecutor.java:184)
at org.openqa.selenium.remote.service.DriverCommandExecutor.invokeExecute(DriverCommandExecutor.java:167)
at org.openqa.selenium.remote.service.DriverCommandExecutor.execute(DriverCommandExecutor.java:142)
at org.openqa.selenium.remote.RemoteWebDriver.execute(RemoteWebDriver.java:558)
at org.openqa.selenium.remote.RemoteWebElement.execute(RemoteWebElement.java:251)
at org.openqa.selenium.remote.RemoteWebElement.click(RemoteWebElement.java:77)
at java.base/jdk.internal.reflect.DirectMethodHandleAccessor.invoke(DirectMethodHandleAccessor.java:104)
at java.base/java.lang.reflect.Method.invoke(Method.java:577)
at org.openqa.selenium.support.pagefactory.internal.LocatingElementHandler.invoke(LocatingElementHandler.java:52)
at jdk.proxy2/jdk.proxy2.$Proxy20.click(Unknown Source)
at com.SauceDemo.POMClass.POMlogoutPage.logout(POMlogoutPage.java:25)
at com.utilities.TestBaseClass.tearDown(TestBaseClass.java:79)
at java.base/jdk.internal.reflect.DirectMethodHandleAccessor.invoke(DirectMethodHandleAccessor.java:104)
at java.base/java.lang.reflect.Method.invoke(Method.java:577)
at org.testng.internal.MethodInvocationHelper.invokeMethod(MethodInvocationHelper.java:133)
at org.testng.internal.MethodInvocationHelper.invokeMethodConsideringTimeout(MethodInvocationHelper.java:62)
at org.testng.internal.ConfigInvoker.invokeConfigurationMethod(ConfigInvoker.java:385)
at org.testng.internal.ConfigInvoker.invokeConfigurations(ConfigInvoker.java:321)
at org.testng.internal.TestInvoker.runConfigMethods(TestInvoker.java:700)
at org.testng.internal.TestInvoker.runAfterGroupsConfigurations(TestInvoker.java:676)
at org.testng.internal.TestInvoker.invokeMethod(TestInvoker.java:660)
at org.testng.internal.TestInvoker.invokeTestMethod(TestInvoker.java:173)
at org.testng.internal.MethodRunner.runInSequence(MethodRunner.java:46)
at org.testng.internal.TestInvoker$MethodInvocationAgent.invoke(TestInvoker.java:824)
at org.testng.internal.TestInvoker.invokeTestMethods(TestInvoker.java:146)
at org.testng.internal.TestMethodWorker.invokeTestMethods(TestMethodWorker.java:146)
at org.testng.internal.TestMethodWorker.run(TestMethodWorker.java:128)
at java.base/java.util.concurrent.ThreadPoolExecutor.runWorker(ThreadPoolExecutor.java:1136)
at java.base/java.util.concurrent.ThreadPoolExecutor$Worker.run(ThreadPoolExecutor.java:635)
at java.base/java.lang.Thread.run(Thread.java:833)
]]>
            </full-stacktrace>
          </exception> <!-- org.openqa.selenium.ElementNotInteractableException -->
          <reporter-output>
          </reporter-output>
        </test-method> <!-- tearDown -->
        <test-method signature="LogoutFunctionality()[pri:0, instance:com.SauceDemo.TestClass.TestCase__LogoutFunction@55a147cc]" started-at="2022-10-10T06:26:45 IST" name="LogoutFunctionality" finished-at="2022-10-10T06:26:45 IST" duration-ms="0" status="PASS">
          <reporter-output>
          </reporter-output>
        </test-method> <!-- LogoutFunctionality -->
        <test-method is-config="true" signature="AfterClassMethod()[pri:0, instance:com.SauceDemo.TestClass.TestCase__LogoutFunction@55a147cc]" started-at="2022-10-10T06:26:45 IST" name="AfterClassMethod" finished-at="1970-01-01T05:30:00 IST" duration-ms="-1665363405474" status="SKIP">
          <reporter-output>
          </reporter-output>
        </test-method> <!-- AfterClassMethod -->
      </class> <!-- com.SauceDemo.TestClass.TestCase__LogoutFunction -->
    </test> <!-- lowpriority -->
  </suite> <!-- Suite -->
</testng-results>
