<?xml version="1.0" encoding="UTF-8"?>
<testng-results ignored="0" total="5" passed="5" failed="0" skipped="0">
  <reporter-output>
  </reporter-output>
  <suite started-at="2022-10-12T12:39:13 IST" name="Suite" finished-at="2022-10-12T12:40:03 IST" duration-ms="50248">
    <groups>
    </groups>
    <test started-at="2022-10-12T12:39:13 IST" name="Test" finished-at="2022-10-12T12:40:03 IST" duration-ms="50248">
      <class name="com.SauceDemo.TestClass.TestCaseCheckout">
        <test-method is-config="true" signature="setUp()[pri:0, instance:com.SauceDemo.TestClass.TestCaseCheckout@73e9cf30]" started-at="2022-10-12T12:39:51 IST" name="setUp" finished-at="2022-10-12T12:40:03 IST" duration-ms="11683" status="PASS">
          <reporter-output>
          </reporter-output>
        </test-method> <!-- setUp -->
        <test-method signature="CheckOutPage()[pri:0, instance:com.SauceDemo.TestClass.TestCaseCheckout@73e9cf30]" started-at="2022-10-12T12:40:03 IST" name="CheckOutPage" finished-at="2022-10-12T12:40:03 IST" duration-ms="440" status="PASS">
          <reporter-output>
          </reporter-output>
        </test-method> <!-- CheckOutPage -->
      </class> <!-- com.SauceDemo.TestClass.TestCaseCheckout -->
      <class name="com.SauceDemo.TestClass.TestCase_FilterTab">
        <test-method is-config="true" signature="BeforeClassMethod(java.lang.String)[pri:0, instance:com.SauceDemo.TestClass.TestCase_FilterTab@272113c4]" started-at="2022-10-12T12:39:42 IST" name="BeforeClassMethod" finished-at="2022-10-12T12:39:45 IST" duration-ms="3662" status="PASS">
          <params>
            <param index="0">
              <value>
                <![CDATA[chrome]]>
              </value>
            </param>
          </params>
          <reporter-output>
          </reporter-output>
        </test-method> <!-- BeforeClassMethod -->
        <test-method is-config="true" signature="setUp()[pri:0, instance:com.SauceDemo.TestClass.TestCase_FilterTab@272113c4]" started-at="2022-10-12T12:39:45 IST" name="setUp" finished-at="2022-10-12T12:39:46 IST" duration-ms="329" status="PASS">
          <reporter-output>
          </reporter-output>
        </test-method> <!-- setUp -->
        <test-method signature="CheckFilter()[pri:0, instance:com.SauceDemo.TestClass.TestCase_FilterTab@272113c4]" started-at="2022-10-12T12:39:46 IST" name="CheckFilter" finished-at="2022-10-12T12:39:46 IST" duration-ms="303" status="PASS">
          <reporter-output>
          </reporter-output>
        </test-method> <!-- CheckFilter -->
        <test-method is-config="true" signature="tearDown()[pri:0, instance:com.SauceDemo.TestClass.TestCase_FilterTab@272113c4]" started-at="2022-10-12T12:39:46 IST" name="tearDown" finished-at="2022-10-12T12:39:46 IST" duration-ms="189" status="PASS">
          <reporter-output>
          </reporter-output>
        </test-method> <!-- tearDown -->
        <test-method is-config="true" signature="AfterClassMethod()[pri:0, instance:com.SauceDemo.TestClass.TestCase_FilterTab@272113c4]" started-at="2022-10-12T12:39:46 IST" name="AfterClassMethod" finished-at="2022-10-12T12:39:51 IST" duration-ms="5193" status="PASS">
          <reporter-output>
          </reporter-output>
        </test-method> <!-- AfterClassMethod -->
      </class> <!-- com.SauceDemo.TestClass.TestCase_FilterTab -->
      <class name="com.SauceDemo.TestClass.TestCase_LoginFunctionality">
        <test-method is-config="true" signature="BeforeClassMethod(java.lang.String)[pri:0, instance:com.SauceDemo.TestClass.TestCase_LoginFunctionality@7db12bb6]" started-at="2022-10-12T12:39:26 IST" name="BeforeClassMethod" finished-at="2022-10-12T12:39:28 IST" duration-ms="1615" status="PASS">
          <params>
            <param index="0">
              <value>
                <![CDATA[chrome]]>
              </value>
            </param>
          </params>
          <reporter-output>
          </reporter-output>
        </test-method> <!-- BeforeClassMethod -->
        <test-method is-config="true" signature="setUp()[pri:0, instance:com.SauceDemo.TestClass.TestCase_LoginFunctionality@7db12bb6]" started-at="2022-10-12T12:39:28 IST" name="setUp" finished-at="2022-10-12T12:39:28 IST" duration-ms="264" status="PASS">
          <reporter-output>
          </reporter-output>
        </test-method> <!-- setUp -->
        <test-method signature="loginFuncationality()[pri:0, instance:com.SauceDemo.TestClass.TestCase_LoginFunctionality@7db12bb6]" started-at="2022-10-12T12:39:28 IST" name="loginFuncationality" finished-at="2022-10-12T12:39:28 IST" duration-ms="12" status="PASS">
          <reporter-output>
          </reporter-output>
        </test-method> <!-- loginFuncationality -->
        <test-method is-config="true" signature="tearDown()[pri:0, instance:com.SauceDemo.TestClass.TestCase_LoginFunctionality@7db12bb6]" started-at="2022-10-12T12:39:28 IST" name="tearDown" finished-at="2022-10-12T12:39:28 IST" duration-ms="188" status="PASS">
          <reporter-output>
          </reporter-output>
        </test-method> <!-- tearDown -->
        <test-method is-config="true" signature="AfterClassMethod()[pri:0, instance:com.SauceDemo.TestClass.TestCase_LoginFunctionality@7db12bb6]" started-at="2022-10-12T12:39:28 IST" name="AfterClassMethod" finished-at="2022-10-12T12:39:34 IST" duration-ms="5273" status="PASS">
          <reporter-output>
          </reporter-output>
        </test-method> <!-- AfterClassMethod -->
      </class> <!-- com.SauceDemo.TestClass.TestCase_LoginFunctionality -->
      <class name="com.SauceDemo.TestClass.TestCase__ToValidateADDtoCart">
        <test-method is-config="true" signature="BeforeClassMethod(java.lang.String)[pri:0, instance:com.SauceDemo.TestClass.TestCase__ToValidateADDtoCart@783a467b]" started-at="2022-10-12T12:39:34 IST" name="BeforeClassMethod" finished-at="2022-10-12T12:39:36 IST" duration-ms="1907" status="PASS">
          <params>
            <param index="0">
              <value>
                <![CDATA[chrome]]>
              </value>
            </param>
          </params>
          <reporter-output>
          </reporter-output>
        </test-method> <!-- BeforeClassMethod -->
        <test-method is-config="true" signature="setUp()[pri:0, instance:com.SauceDemo.TestClass.TestCase__ToValidateADDtoCart@783a467b]" started-at="2022-10-12T12:39:36 IST" name="setUp" finished-at="2022-10-12T12:39:36 IST" duration-ms="276" status="PASS">
          <reporter-output>
          </reporter-output>
        </test-method> <!-- setUp -->
        <test-method signature="SelectAllProduct()[pri:0, instance:com.SauceDemo.TestClass.TestCase__ToValidateADDtoCart@783a467b]" started-at="2022-10-12T12:39:36 IST" name="SelectAllProduct" finished-at="2022-10-12T12:39:36 IST" duration-ms="316" status="PASS">
          <reporter-output>
          </reporter-output>
        </test-method> <!-- SelectAllProduct -->
        <test-method is-config="true" signature="tearDown()[pri:0, instance:com.SauceDemo.TestClass.TestCase__ToValidateADDtoCart@783a467b]" started-at="2022-10-12T12:39:36 IST" name="tearDown" finished-at="2022-10-12T12:39:36 IST" duration-ms="171" status="PASS">
          <reporter-output>
          </reporter-output>
        </test-method> <!-- tearDown -->
        <test-method is-config="true" signature="AfterClassMethod()[pri:0, instance:com.SauceDemo.TestClass.TestCase__ToValidateADDtoCart@783a467b]" started-at="2022-10-12T12:39:36 IST" name="AfterClassMethod" finished-at="2022-10-12T12:39:42 IST" duration-ms="5259" status="PASS">
          <reporter-output>
          </reporter-output>
        </test-method> <!-- AfterClassMethod -->
      </class> <!-- com.SauceDemo.TestClass.TestCase__ToValidateADDtoCart -->
      <class name="com.SauceDemo.TestClass.TestCase__LogoutFunction">
        <test-method is-config="true" signature="BeforeClassMethod(java.lang.String)[pri:0, instance:com.SauceDemo.TestClass.TestCase__LogoutFunction@13fd2ccd]" started-at="2022-10-12T12:39:13 IST" name="BeforeClassMethod" finished-at="2022-10-12T12:39:20 IST" duration-ms="7303" status="PASS">
          <params>
            <param index="0">
              <value>
                <![CDATA[chrome]]>
              </value>
            </param>
          </params>
          <reporter-output>
          </reporter-output>
        </test-method> <!-- BeforeClassMethod -->
        <test-method is-config="true" signature="setUp()[pri:0, instance:com.SauceDemo.TestClass.TestCase__LogoutFunction@13fd2ccd]" started-at="2022-10-12T12:39:20 IST" name="setUp" finished-at="2022-10-12T12:39:21 IST" duration-ms="349" status="PASS">
          <reporter-output>
          </reporter-output>
        </test-method> <!-- setUp -->
        <test-method signature="LogoutFunctionality()[pri:0, instance:com.SauceDemo.TestClass.TestCase__LogoutFunction@13fd2ccd]" started-at="2022-10-12T12:39:21 IST" name="LogoutFunctionality" finished-at="2022-10-12T12:39:21 IST" duration-ms="40" status="PASS">
          <reporter-output>
          </reporter-output>
        </test-method> <!-- LogoutFunctionality -->
        <test-method is-config="true" signature="tearDown()[pri:0, instance:com.SauceDemo.TestClass.TestCase__LogoutFunction@13fd2ccd]" started-at="2022-10-12T12:39:21 IST" name="tearDown" finished-at="2022-10-12T12:39:21 IST" duration-ms="197" status="PASS">
          <reporter-output>
          </reporter-output>
        </test-method> <!-- tearDown -->
        <test-method is-config="true" signature="AfterClassMethod()[pri:0, instance:com.SauceDemo.TestClass.TestCase__LogoutFunction@13fd2ccd]" started-at="2022-10-12T12:39:21 IST" name="AfterClassMethod" finished-at="2022-10-12T12:39:26 IST" duration-ms="5237" status="PASS">
          <reporter-output>
          </reporter-output>
        </test-method> <!-- AfterClassMethod -->
      </class> <!-- com.SauceDemo.TestClass.TestCase__LogoutFunction -->
    </test> <!-- Test -->
  </suite> <!-- Suite -->
</testng-results>
